{"/home/rehanul.haque@tekmindz.com/React_Project/TVS_Motor/src/App.jsx": {"path":"/home/rehanul.haque@tekmindz.com/React_Project/TVS_Motor/src/App.jsx","statementMap":{"0":{"start":{"line":13,"column":28},"end":{"line":13,"column":37}},"1":{"start":{"line":14,"column":17},"end":{"line":41,"column":4}},"2":{"start":{"line":43,"column":2},"end":{"line":43,"column":44}}},"fnMap":{"0":{"name":"App","decl":{"start":{"line":12,"column":9},"end":{"line":12,"column":12}},"loc":{"start":{"line":12,"column":15},"end":{"line":44,"column":1}},"line":12}},"branchMap":{"0":{"loc":{"start":{"line":25,"column":15},"end":{"line":25,"column":55}},"type":"cond-expr","locations":[{"start":{"line":25,"column":33},"end":{"line":25,"column":43}},{"start":{"line":25,"column":46},"end":{"line":25,"column":55}}],"line":25}},"s":{"0":0,"1":0,"2":0},"f":{"0":0},"b":{"0":[0,0]}}
,"/home/rehanul.haque@tekmindz.com/React_Project/TVS_Motor/src/main.jsx": {"path":"/home/rehanul.haque@tekmindz.com/React_Project/TVS_Motor/src/main.jsx","statementMap":{"0":{"start":{"line":7,"column":20},"end":{"line":7,"column":37}},"1":{"start":{"line":9,"column":0},"end":{"line":15,"column":2}}},"fnMap":{},"branchMap":{},"s":{"0":0,"1":0},"f":{},"b":{}}
,"/home/rehanul.haque@tekmindz.com/React_Project/TVS_Motor/src/auth/Login.jsx": {"path":"/home/rehanul.haque@tekmindz.com/React_Project/TVS_Motor/src/auth/Login.jsx","statementMap":{"0":{"start":{"line":7,"column":51},"end":{"line":7,"column":60}},"1":{"start":{"line":8,"column":40},"end":{"line":11,"column":4}},"2":{"start":{"line":12,"column":19},"end":{"line":12,"column":32}},"3":{"start":{"line":13,"column":19},"end":{"line":13,"column":27}},"4":{"start":{"line":14,"column":22},"end":{"line":14,"column":30}},"5":{"start":{"line":16,"column":23},"end":{"line":22,"column":3}},"6":{"start":{"line":17,"column":26},"end":{"line":17,"column":34}},"7":{"start":{"line":18,"column":4},"end":{"line":21,"column":8}},"8":{"start":{"line":18,"column":34},"end":{"line":21,"column":5}},"9":{"start":{"line":24,"column":23},"end":{"line":28,"column":3}},"10":{"start":{"line":25,"column":4},"end":{"line":25,"column":23}},"11":{"start":{"line":26,"column":30},"end":{"line":26,"column":41}},"12":{"start":{"line":27,"column":4},"end":{"line":27,"column":27}},"13":{"start":{"line":30,"column":27},"end":{"line":32,"column":8}},"14":{"start":{"line":31,"column":4},"end":{"line":31,"column":37}},"15":{"start":{"line":34,"column":2},"end":{"line":43,"column":52}},"16":{"start":{"line":35,"column":4},"end":{"line":35,"column":54}},"17":{"start":{"line":37,"column":4},"end":{"line":39,"column":5}},"18":{"start":{"line":38,"column":6},"end":{"line":38,"column":29}},"19":{"start":{"line":40,"column":4},"end":{"line":42,"column":6}},"20":{"start":{"line":45,"column":2},"end":{"line":60,"column":9}},"21":{"start":{"line":46,"column":30},"end":{"line":48,"column":5}},"22":{"start":{"line":47,"column":6},"end":{"line":47,"column":64}},"23":{"start":{"line":50,"column":25},"end":{"line":50,"column":41}},"24":{"start":{"line":51,"column":28},"end":{"line":51,"column":47}},"25":{"start":{"line":52,"column":4},"end":{"line":52,"column":63}},"26":{"start":{"line":53,"column":4},"end":{"line":53,"column":66}},"27":{"start":{"line":56,"column":4},"end":{"line":59,"column":6}},"28":{"start":{"line":57,"column":6},"end":{"line":57,"column":68}},"29":{"start":{"line":58,"column":6},"end":{"line":58,"column":71}},"30":{"start":{"line":62,"column":2},"end":{"line":99,"column":4}}},"fnMap":{"0":{"name":"LoginPage","decl":{"start":{"line":6,"column":9},"end":{"line":6,"column":18}},"loc":{"start":{"line":6,"column":21},"end":{"line":100,"column":1}},"line":6},"1":{"name":"(anonymous_1)","decl":{"start":{"line":16,"column":23},"end":{"line":16,"column":24}},"loc":{"start":{"line":16,"column":28},"end":{"line":22,"column":3}},"line":16},"2":{"name":"(anonymous_2)","decl":{"start":{"line":18,"column":19},"end":{"line":18,"column":20}},"loc":{"start":{"line":18,"column":34},"end":{"line":21,"column":5}},"line":18},"3":{"name":"(anonymous_3)","decl":{"start":{"line":24,"column":23},"end":{"line":24,"column":24}},"loc":{"start":{"line":24,"column":34},"end":{"line":28,"column":3}},"line":24},"4":{"name":"(anonymous_4)","decl":{"start":{"line":30,"column":39},"end":{"line":30,"column":40}},"loc":{"start":{"line":30,"column":45},"end":{"line":32,"column":3}},"line":30},"5":{"name":"(anonymous_5)","decl":{"start":{"line":34,"column":12},"end":{"line":34,"column":13}},"loc":{"start":{"line":34,"column":18},"end":{"line":43,"column":3}},"line":34},"6":{"name":"(anonymous_6)","decl":{"start":{"line":40,"column":11},"end":{"line":40,"column":12}},"loc":{"start":{"line":40,"column":17},"end":{"line":42,"column":5}},"line":40},"7":{"name":"(anonymous_7)","decl":{"start":{"line":45,"column":12},"end":{"line":45,"column":13}},"loc":{"start":{"line":45,"column":18},"end":{"line":60,"column":3}},"line":45},"8":{"name":"(anonymous_8)","decl":{"start":{"line":46,"column":30},"end":{"line":46,"column":31}},"loc":{"start":{"line":46,"column":39},"end":{"line":48,"column":5}},"line":46},"9":{"name":"(anonymous_9)","decl":{"start":{"line":56,"column":11},"end":{"line":56,"column":12}},"loc":{"start":{"line":56,"column":17},"end":{"line":59,"column":5}},"line":56}},"branchMap":{"0":{"loc":{"start":{"line":37,"column":4},"end":{"line":39,"column":5}},"type":"if","locations":[{"start":{"line":37,"column":4},"end":{"line":39,"column":5}},{"start":{},"end":{}}],"line":37}},"s":{"0":0,"1":0,"2":0,"3":0,"4":0,"5":0,"6":0,"7":0,"8":0,"9":0,"10":0,"11":0,"12":0,"13":0,"14":0,"15":0,"16":0,"17":0,"18":0,"19":0,"20":0,"21":0,"22":0,"23":0,"24":0,"25":0,"26":0,"27":0,"28":0,"29":0,"30":0},"f":{"0":0,"1":0,"2":0,"3":0,"4":0,"5":0,"6":0,"7":0,"8":0,"9":0},"b":{"0":[0,0]}}
,"/home/rehanul.haque@tekmindz.com/React_Project/TVS_Motor/src/auth/Logout.jsx": {"path":"/home/rehanul.haque@tekmindz.com/React_Project/TVS_Motor/src/auth/Logout.jsx","statementMap":{"0":{"start":{"line":4,"column":2},"end":{"line":6,"column":3}}},"fnMap":{"0":{"name":"Logout","decl":{"start":{"line":3,"column":9},"end":{"line":3,"column":15}},"loc":{"start":{"line":3,"column":18},"end":{"line":7,"column":1}},"line":3}},"branchMap":{},"s":{"0":0},"f":{"0":0},"b":{}}
,"/home/rehanul.haque@tekmindz.com/React_Project/TVS_Motor/src/auth/SignUp.jsx": {"path":"/home/rehanul.haque@tekmindz.com/React_Project/TVS_Motor/src/auth/SignUp.jsx","statementMap":{"0":{"start":{"line":7,"column":15},"end":{"line":76,"column":1}},"1":{"start":{"line":8,"column":21},"end":{"line":8,"column":30}},"2":{"start":{"line":9,"column":28},"end":{"line":9,"column":40}},"3":{"start":{"line":10,"column":34},"end":{"line":10,"column":46}},"4":{"start":{"line":11,"column":48},"end":{"line":11,"column":60}},"5":{"start":{"line":12,"column":28},"end":{"line":12,"column":40}},"6":{"start":{"line":13,"column":32},"end":{"line":13,"column":44}},"7":{"start":{"line":15,"column":23},"end":{"line":31,"column":3}},"8":{"start":{"line":16,"column":4},"end":{"line":16,"column":23}},"9":{"start":{"line":17,"column":4},"end":{"line":17,"column":17}},"10":{"start":{"line":18,"column":4},"end":{"line":18,"column":19}},"11":{"start":{"line":20,"column":4},"end":{"line":23,"column":5}},"12":{"start":{"line":21,"column":6},"end":{"line":21,"column":40}},"13":{"start":{"line":22,"column":6},"end":{"line":22,"column":13}},"14":{"start":{"line":25,"column":4},"end":{"line":30,"column":5}},"15":{"start":{"line":26,"column":6},"end":{"line":26,"column":52}},"16":{"start":{"line":27,"column":6},"end":{"line":27,"column":59}},"17":{"start":{"line":29,"column":6},"end":{"line":29,"column":51}},"18":{"start":{"line":33,"column":2},"end":{"line":75,"column":4}},"19":{"start":{"line":45,"column":29},"end":{"line":45,"column":53}},"20":{"start":{"line":55,"column":29},"end":{"line":55,"column":56}},"21":{"start":{"line":65,"column":29},"end":{"line":65,"column":63}}},"fnMap":{"0":{"name":"(anonymous_0)","decl":{"start":{"line":7,"column":15},"end":{"line":7,"column":16}},"loc":{"start":{"line":7,"column":21},"end":{"line":76,"column":1}},"line":7},"1":{"name":"(anonymous_1)","decl":{"start":{"line":15,"column":23},"end":{"line":15,"column":24}},"loc":{"start":{"line":15,"column":36},"end":{"line":31,"column":3}},"line":15},"2":{"name":"(anonymous_2)","decl":{"start":{"line":45,"column":22},"end":{"line":45,"column":23}},"loc":{"start":{"line":45,"column":29},"end":{"line":45,"column":53}},"line":45},"3":{"name":"(anonymous_3)","decl":{"start":{"line":55,"column":22},"end":{"line":55,"column":23}},"loc":{"start":{"line":55,"column":29},"end":{"line":55,"column":56}},"line":55},"4":{"name":"(anonymous_4)","decl":{"start":{"line":65,"column":22},"end":{"line":65,"column":23}},"loc":{"start":{"line":65,"column":29},"end":{"line":65,"column":63}},"line":65}},"branchMap":{"0":{"loc":{"start":{"line":20,"column":4},"end":{"line":23,"column":5}},"type":"if","locations":[{"start":{"line":20,"column":4},"end":{"line":23,"column":5}},{"start":{},"end":{}}],"line":20},"1":{"loc":{"start":{"line":36,"column":7},"end":{"line":36,"column":48}},"type":"binary-expr","locations":[{"start":{"line":36,"column":7},"end":{"line":36,"column":12}},{"start":{"line":36,"column":16},"end":{"line":36,"column":48}}],"line":36},"2":{"loc":{"start":{"line":37,"column":7},"end":{"line":37,"column":54}},"type":"binary-expr","locations":[{"start":{"line":37,"column":7},"end":{"line":37,"column":14}},{"start":{"line":37,"column":18},"end":{"line":37,"column":54}}],"line":37}},"s":{"0":0,"1":0,"2":0,"3":0,"4":0,"5":0,"6":0,"7":0,"8":0,"9":0,"10":0,"11":0,"12":0,"13":0,"14":0,"15":0,"16":0,"17":0,"18":0,"19":0,"20":0,"21":0},"f":{"0":0,"1":0,"2":0,"3":0,"4":0},"b":{"0":[0,0],"1":[0,0],"2":[0,0]}}
,"/home/rehanul.haque@tekmindz.com/React_Project/TVS_Motor/src/common/components/Button.jsx": {"path":"/home/rehanul.haque@tekmindz.com/React_Project/TVS_Motor/src/common/components/Button.jsx","statementMap":{"0":{"start":{"line":3,"column":15},"end":{"line":5,"column":1}},"1":{"start":{"line":4,"column":2},"end":{"line":4,"column":44}}},"fnMap":{"0":{"name":"(anonymous_0)","decl":{"start":{"line":3,"column":15},"end":{"line":3,"column":16}},"loc":{"start":{"line":4,"column":2},"end":{"line":4,"column":44}},"line":4}},"branchMap":{},"s":{"0":1,"1":2},"f":{"0":2},"b":{},"_coverageSchema":"1a1c01bbd47fc00a2c39e90264f33305004495a9","hash":"fcef02345e13fdf437391a7299924d26a6f5540c"}
,"/home/rehanul.haque@tekmindz.com/React_Project/TVS_Motor/src/common/components/ButtonLoadingIcons.jsx": {"path":"/home/rehanul.haque@tekmindz.com/React_Project/TVS_Motor/src/common/components/ButtonLoadingIcons.jsx","statementMap":{"0":{"start":{"line":4,"column":15},"end":{"line":11,"column":1}},"1":{"start":{"line":5,"column":2},"end":{"line":10,"column":4}}},"fnMap":{"0":{"name":"(anonymous_0)","decl":{"start":{"line":4,"column":15},"end":{"line":4,"column":16}},"loc":{"start":{"line":4,"column":21},"end":{"line":11,"column":1}},"line":4}},"branchMap":{},"s":{"0":0,"1":0},"f":{"0":0},"b":{}}
,"/home/rehanul.haque@tekmindz.com/React_Project/TVS_Motor/src/common/components/map/Map.jsx": {"path":"/home/rehanul.haque@tekmindz.com/React_Project/TVS_Motor/src/common/components/map/Map.jsx","statementMap":{"0":{"start":{"line":7,"column":26},"end":{"line":10,"column":1}},"1":{"start":{"line":12,"column":15},"end":{"line":12,"column":43}},"2":{"start":{"line":14,"column":12},"end":{"line":38,"column":1}},"3":{"start":{"line":15,"column":32},"end":{"line":17,"column":4}},"4":{"start":{"line":19,"column":32},"end":{"line":19,"column":51}},"5":{"start":{"line":21,"column":2},"end":{"line":21,"column":54}},"6":{"start":{"line":21,"column":17},"end":{"line":21,"column":54}},"7":{"start":{"line":22,"column":2},"end":{"line":22,"column":48}},"8":{"start":{"line":22,"column":17},"end":{"line":22,"column":48}},"9":{"start":{"line":24,"column":2},"end":{"line":37,"column":4}}},"fnMap":{"0":{"name":"(anonymous_0)","decl":{"start":{"line":14,"column":12},"end":{"line":14,"column":13}},"loc":{"start":{"line":14,"column":18},"end":{"line":38,"column":1}},"line":14}},"branchMap":{"0":{"loc":{"start":{"line":21,"column":2},"end":{"line":21,"column":54}},"type":"if","locations":[{"start":{"line":21,"column":2},"end":{"line":21,"column":54}},{"start":{},"end":{}}],"line":21},"1":{"loc":{"start":{"line":22,"column":2},"end":{"line":22,"column":48}},"type":"if","locations":[{"start":{"line":22,"column":2},"end":{"line":22,"column":48}},{"start":{},"end":{}}],"line":22}},"s":{"0":0,"1":0,"2":0,"3":0,"4":0,"5":0,"6":0,"7":0,"8":0,"9":0},"f":{"0":0},"b":{"0":[0,0],"1":[0,0]}}
,"/home/rehanul.haque@tekmindz.com/React_Project/TVS_Motor/src/common/components/map/MapTypeToggle.jsx": {"path":"/home/rehanul.haque@tekmindz.com/React_Project/TVS_Motor/src/common/components/map/MapTypeToggle.jsx","statementMap":{"0":{"start":{"line":4,"column":22},"end":{"line":19,"column":1}},"1":{"start":{"line":5,"column":2},"end":{"line":18,"column":4}},"2":{"start":{"line":9,"column":23},"end":{"line":9,"column":44}},"3":{"start":{"line":14,"column":23},"end":{"line":14,"column":46}}},"fnMap":{"0":{"name":"(anonymous_0)","decl":{"start":{"line":4,"column":22},"end":{"line":4,"column":23}},"loc":{"start":{"line":4,"column":49},"end":{"line":19,"column":1}},"line":4},"1":{"name":"(anonymous_1)","decl":{"start":{"line":9,"column":17},"end":{"line":9,"column":18}},"loc":{"start":{"line":9,"column":23},"end":{"line":9,"column":44}},"line":9},"2":{"name":"(anonymous_2)","decl":{"start":{"line":14,"column":17},"end":{"line":14,"column":18}},"loc":{"start":{"line":14,"column":23},"end":{"line":14,"column":46}},"line":14}},"branchMap":{"0":{"loc":{"start":{"line":8,"column":36},"end":{"line":8,"column":73}},"type":"cond-expr","locations":[{"start":{"line":8,"column":60},"end":{"line":8,"column":68}},{"start":{"line":8,"column":71},"end":{"line":8,"column":73}}],"line":8},"1":{"loc":{"start":{"line":13,"column":36},"end":{"line":13,"column":75}},"type":"cond-expr","locations":[{"start":{"line":13,"column":62},"end":{"line":13,"column":70}},{"start":{"line":13,"column":73},"end":{"line":13,"column":75}}],"line":13}},"s":{"0":0,"1":0,"2":0,"3":0},"f":{"0":0,"1":0,"2":0},"b":{"0":[0,0],"1":[0,0]}}
,"/home/rehanul.haque@tekmindz.com/React_Project/TVS_Motor/src/common/components/map/Marker.jsx": {"path":"/home/rehanul.haque@tekmindz.com/React_Project/TVS_Motor/src/common/components/map/Marker.jsx","statementMap":{"0":{"start":{"line":4,"column":15},"end":{"line":14,"column":1}},"1":{"start":{"line":5,"column":2},"end":{"line":13,"column":4}}},"fnMap":{"0":{"name":"(anonymous_0)","decl":{"start":{"line":4,"column":15},"end":{"line":4,"column":16}},"loc":{"start":{"line":4,"column":31},"end":{"line":14,"column":1}},"line":4}},"branchMap":{},"s":{"0":0,"1":0},"f":{"0":0},"b":{}}
,"/home/rehanul.haque@tekmindz.com/React_Project/TVS_Motor/src/components/ErrorBoundary.jsx": {"path":"/home/rehanul.haque@tekmindz.com/React_Project/TVS_Motor/src/components/ErrorBoundary.jsx","statementMap":{"0":{"start":{"line":4,"column":2},"end":{"line":6,"column":3}}},"fnMap":{"0":{"name":"ErrorBoundary","decl":{"start":{"line":3,"column":9},"end":{"line":3,"column":22}},"loc":{"start":{"line":3,"column":25},"end":{"line":7,"column":1}},"line":3}},"branchMap":{},"s":{"0":0},"f":{"0":0},"b":{}}
,"/home/rehanul.haque@tekmindz.com/React_Project/TVS_Motor/src/components/Footer.jsx": {"path":"/home/rehanul.haque@tekmindz.com/React_Project/TVS_Motor/src/components/Footer.jsx","statementMap":{"0":{"start":{"line":4,"column":2},"end":{"line":12,"column":3}}},"fnMap":{"0":{"name":"Footer","decl":{"start":{"line":3,"column":9},"end":{"line":3,"column":15}},"loc":{"start":{"line":3,"column":18},"end":{"line":13,"column":1}},"line":3}},"branchMap":{},"s":{"0":0},"f":{"0":0},"b":{}}
,"/home/rehanul.haque@tekmindz.com/React_Project/TVS_Motor/src/components/Header.jsx": {"path":"/home/rehanul.haque@tekmindz.com/React_Project/TVS_Motor/src/components/Header.jsx","statementMap":{"0":{"start":{"line":4,"column":2},"end":{"line":11,"column":3}}},"fnMap":{"0":{"name":"Header","decl":{"start":{"line":3,"column":9},"end":{"line":3,"column":15}},"loc":{"start":{"line":3,"column":18},"end":{"line":12,"column":1}},"line":3}},"branchMap":{},"s":{"0":0},"f":{"0":0},"b":{}}
,"/home/rehanul.haque@tekmindz.com/React_Project/TVS_Motor/src/components/Layout.jsx": {"path":"/home/rehanul.haque@tekmindz.com/React_Project/TVS_Motor/src/components/Layout.jsx","statementMap":{"0":{"start":{"line":6,"column":15},"end":{"line":17,"column":1}},"1":{"start":{"line":7,"column":2},"end":{"line":16,"column":5}}},"fnMap":{"0":{"name":"(anonymous_0)","decl":{"start":{"line":6,"column":15},"end":{"line":6,"column":16}},"loc":{"start":{"line":7,"column":2},"end":{"line":16,"column":5}},"line":7}},"branchMap":{},"s":{"0":0,"1":0},"f":{"0":0},"b":{}}
,"/home/rehanul.haque@tekmindz.com/React_Project/TVS_Motor/src/components/NavigationBar.jsx": {"path":"/home/rehanul.haque@tekmindz.com/React_Project/TVS_Motor/src/components/NavigationBar.jsx","statementMap":{"0":{"start":{"line":4,"column":2},"end":{"line":6,"column":3}}},"fnMap":{"0":{"name":"NavigationBar","decl":{"start":{"line":3,"column":9},"end":{"line":3,"column":22}},"loc":{"start":{"line":3,"column":25},"end":{"line":7,"column":1}},"line":3}},"branchMap":{},"s":{"0":0},"f":{"0":0},"b":{}}
,"/home/rehanul.haque@tekmindz.com/React_Project/TVS_Motor/src/components/charger/Charger.jsx": {"path":"/home/rehanul.haque@tekmindz.com/React_Project/TVS_Motor/src/components/charger/Charger.jsx","statementMap":{"0":{"start":{"line":7,"column":13},"end":{"line":7,"column":15}},"1":{"start":{"line":8,"column":2},"end":{"line":11,"column":9}},"2":{"start":{"line":9,"column":4},"end":{"line":9,"column":38}},"3":{"start":{"line":10,"column":4},"end":{"line":10,"column":62}},"4":{"start":{"line":12,"column":2},"end":{"line":29,"column":4}}},"fnMap":{"0":{"name":"Charger","decl":{"start":{"line":6,"column":9},"end":{"line":6,"column":16}},"loc":{"start":{"line":6,"column":19},"end":{"line":30,"column":1}},"line":6},"1":{"name":"(anonymous_1)","decl":{"start":{"line":8,"column":12},"end":{"line":8,"column":13}},"loc":{"start":{"line":8,"column":18},"end":{"line":11,"column":3}},"line":8}},"branchMap":{},"s":{"0":0,"1":0,"2":0,"3":0,"4":0},"f":{"0":0,"1":0},"b":{}}
,"/home/rehanul.haque@tekmindz.com/React_Project/TVS_Motor/src/components/charger/ChargerListwWthPagination.jsx": {"path":"/home/rehanul.haque@tekmindz.com/React_Project/TVS_Motor/src/components/charger/ChargerListwWthPagination.jsx","statementMap":{"0":{"start":{"line":21,"column":20},"end":{"line":369,"column":1}},"1":{"start":{"line":23,"column":19},"end":{"line":244,"column":3}},"2":{"start":{"line":247,"column":38},"end":{"line":247,"column":50}},"3":{"start":{"line":248,"column":40},"end":{"line":248,"column":51}},"4":{"start":{"line":249,"column":23},"end":{"line":249,"column":24}},"5":{"start":{"line":252,"column":29},"end":{"line":255,"column":3}},"6":{"start":{"line":253,"column":4},"end":{"line":253,"column":38}},"7":{"start":{"line":254,"column":4},"end":{"line":254,"column":22}},"8":{"start":{"line":258,"column":27},"end":{"line":260,"column":3}},"9":{"start":{"line":259,"column":4},"end":{"line":259,"column":65}},"10":{"start":{"line":263,"column":21},"end":{"line":263,"column":70}},"11":{"start":{"line":264,"column":23},"end":{"line":267,"column":3}},"12":{"start":{"line":270,"column":27},"end":{"line":272,"column":3}},"13":{"start":{"line":271,"column":4},"end":{"line":271,"column":26}},"14":{"start":{"line":274,"column":2},"end":{"line":368,"column":4}},"15":{"start":{"line":288,"column":10},"end":{"line":353,"column":22}},"16":{"start":{"line":336,"column":18},"end":{"line":339,"column":20}}},"fnMap":{"0":{"name":"(anonymous_0)","decl":{"start":{"line":21,"column":20},"end":{"line":21,"column":21}},"loc":{"start":{"line":21,"column":26},"end":{"line":369,"column":1}},"line":21},"1":{"name":"(anonymous_1)","decl":{"start":{"line":252,"column":29},"end":{"line":252,"column":30}},"loc":{"start":{"line":252,"column":38},"end":{"line":255,"column":3}},"line":252},"2":{"name":"(anonymous_2)","decl":{"start":{"line":258,"column":43},"end":{"line":258,"column":44}},"loc":{"start":{"line":259,"column":4},"end":{"line":259,"column":65}},"line":259},"3":{"name":"(anonymous_3)","decl":{"start":{"line":270,"column":27},"end":{"line":270,"column":28}},"loc":{"start":{"line":270,"column":45},"end":{"line":272,"column":3}},"line":270},"4":{"name":"(anonymous_4)","decl":{"start":{"line":287,"column":26},"end":{"line":287,"column":27}},"loc":{"start":{"line":288,"column":10},"end":{"line":353,"column":22}},"line":288},"5":{"name":"(anonymous_5)","decl":{"start":{"line":335,"column":35},"end":{"line":335,"column":36}},"loc":{"start":{"line":336,"column":18},"end":{"line":339,"column":20}},"line":336}},"branchMap":{"0":{"loc":{"start":{"line":338,"column":27},"end":{"line":338,"column":70}},"type":"cond-expr","locations":[{"start":{"line":338,"column":48},"end":{"line":338,"column":57}},{"start":{"line":338,"column":60},"end":{"line":338,"column":70}}],"line":338},"1":{"loc":{"start":{"line":357,"column":7},"end":{"line":366,"column":7}},"type":"binary-expr","locations":[{"start":{"line":357,"column":7},"end":{"line":357,"column":45}},{"start":{"line":358,"column":8},"end":{"line":365,"column":14}}],"line":357}},"s":{"0":0,"1":0,"2":0,"3":0,"4":0,"5":0,"6":0,"7":0,"8":0,"9":0,"10":0,"11":0,"12":0,"13":0,"14":0,"15":0,"16":0},"f":{"0":0,"1":0,"2":0,"3":0,"4":0,"5":0},"b":{"0":[0,0],"1":[0,0]}}
,"/home/rehanul.haque@tekmindz.com/React_Project/TVS_Motor/src/components/config/AppUrls.js": {"path":"/home/rehanul.haque@tekmindz.com/React_Project/TVS_Motor/src/components/config/AppUrls.js","statementMap":{"0":{"start":{"line":1,"column":28},"end":{"line":1,"column":33}},"1":{"start":{"line":2,"column":23},"end":{"line":2,"column":44}},"2":{"start":{"line":4,"column":22},"end":{"line":6,"column":1}}},"fnMap":{},"branchMap":{},"s":{"0":0,"1":0,"2":0},"f":{},"b":{}}
,"/home/rehanul.haque@tekmindz.com/React_Project/TVS_Motor/src/components/config/Roles.js": {"path":"/home/rehanul.haque@tekmindz.com/React_Project/TVS_Motor/src/components/config/Roles.js","statementMap":{},"fnMap":{},"branchMap":{},"s":{},"f":{},"b":{}}
,"/home/rehanul.haque@tekmindz.com/React_Project/TVS_Motor/src/hooks/UseAuth.js": {"path":"/home/rehanul.haque@tekmindz.com/React_Project/TVS_Motor/src/hooks/UseAuth.js","statementMap":{"0":{"start":{"line":3,"column":23},"end":{"line":71,"column":1}},"1":{"start":{"line":4,"column":26},"end":{"line":4,"column":40}},"2":{"start":{"line":5,"column":48},"end":{"line":5,"column":62}},"3":{"start":{"line":6,"column":32},"end":{"line":6,"column":47}},"4":{"start":{"line":8,"column":2},"end":{"line":30,"column":9}},"5":{"start":{"line":10,"column":28},"end":{"line":27,"column":5}},"6":{"start":{"line":11,"column":6},"end":{"line":11,"column":31}},"7":{"start":{"line":32,"column":16},"end":{"line":48,"column":3}},"8":{"start":{"line":33,"column":4},"end":{"line":33,"column":21}},"9":{"start":{"line":34,"column":4},"end":{"line":34,"column":29}},"10":{"start":{"line":35,"column":4},"end":{"line":35,"column":29}},"11":{"start":{"line":50,"column":17},"end":{"line":62,"column":3}},"12":{"start":{"line":52,"column":4},"end":{"line":52,"column":30}},"13":{"start":{"line":64,"column":2},"end":{"line":70,"column":4}}},"fnMap":{"0":{"name":"(anonymous_0)","decl":{"start":{"line":3,"column":23},"end":{"line":3,"column":24}},"loc":{"start":{"line":3,"column":29},"end":{"line":71,"column":1}},"line":3},"1":{"name":"(anonymous_1)","decl":{"start":{"line":8,"column":12},"end":{"line":8,"column":13}},"loc":{"start":{"line":8,"column":18},"end":{"line":30,"column":3}},"line":8},"2":{"name":"(anonymous_2)","decl":{"start":{"line":10,"column":28},"end":{"line":10,"column":29}},"loc":{"start":{"line":10,"column":40},"end":{"line":27,"column":5}},"line":10},"3":{"name":"(anonymous_3)","decl":{"start":{"line":32,"column":16},"end":{"line":32,"column":17}},"loc":{"start":{"line":32,"column":42},"end":{"line":48,"column":3}},"line":32},"4":{"name":"(anonymous_4)","decl":{"start":{"line":50,"column":17},"end":{"line":50,"column":18}},"loc":{"start":{"line":50,"column":29},"end":{"line":62,"column":3}},"line":50}},"branchMap":{},"s":{"0":0,"1":0,"2":0,"3":0,"4":0,"5":0,"6":0,"7":0,"8":0,"9":0,"10":0,"11":0,"12":0,"13":0},"f":{"0":0,"1":0,"2":0,"3":0,"4":0},"b":{}}
,"/home/rehanul.haque@tekmindz.com/React_Project/TVS_Motor/src/routes/PrivetRoutesConfig.jsx": {"path":"/home/rehanul.haque@tekmindz.com/React_Project/TVS_Motor/src/routes/PrivetRoutesConfig.jsx","statementMap":{"0":{"start":{"line":9,"column":27},"end":{"line":9,"column":34}}},"fnMap":{},"branchMap":{},"s":{"0":0},"f":{},"b":{}}
,"/home/rehanul.haque@tekmindz.com/React_Project/TVS_Motor/src/routes/ProtectedRoute.jsx": {"path":"/home/rehanul.haque@tekmindz.com/React_Project/TVS_Motor/src/routes/ProtectedRoute.jsx","statementMap":{"0":{"start":{"line":4,"column":23},"end":{"line":6,"column":1}},"1":{"start":{"line":5,"column":2},"end":{"line":5,"column":59}}},"fnMap":{"0":{"name":"(anonymous_0)","decl":{"start":{"line":4,"column":23},"end":{"line":4,"column":24}},"loc":{"start":{"line":4,"column":42},"end":{"line":6,"column":1}},"line":4}},"branchMap":{"0":{"loc":{"start":{"line":5,"column":9},"end":{"line":5,"column":58}},"type":"cond-expr","locations":[{"start":{"line":5,"column":21},"end":{"line":5,"column":31}},{"start":{"line":5,"column":34},"end":{"line":5,"column":58}}],"line":5}},"s":{"0":0,"1":0},"f":{"0":0},"b":{"0":[0,0]}}
,"/home/rehanul.haque@tekmindz.com/React_Project/TVS_Motor/src/routes/RouteConstant.jsx": {"path":"/home/rehanul.haque@tekmindz.com/React_Project/TVS_Motor/src/routes/RouteConstant.jsx","statementMap":{"0":{"start":{"line":3,"column":22},"end":{"line":8,"column":3}}},"fnMap":{},"branchMap":{},"s":{"0":0},"f":{},"b":{}}
,"/home/rehanul.haque@tekmindz.com/React_Project/TVS_Motor/src/screen/dashboard/Dashboard.jsx": {"path":"/home/rehanul.haque@tekmindz.com/React_Project/TVS_Motor/src/screen/dashboard/Dashboard.jsx","statementMap":{"0":{"start":{"line":6,"column":17},"end":{"line":11,"column":3}},"1":{"start":{"line":6,"column":55},"end":{"line":11,"column":1}},"2":{"start":{"line":14,"column":2},"end":{"line":54,"column":4}}},"fnMap":{"0":{"name":"(anonymous_0)","decl":{"start":{"line":6,"column":31},"end":{"line":6,"column":32}},"loc":{"start":{"line":6,"column":55},"end":{"line":11,"column":1}},"line":6},"1":{"name":"Dashboard","decl":{"start":{"line":13,"column":9},"end":{"line":13,"column":18}},"loc":{"start":{"line":13,"column":21},"end":{"line":55,"column":1}},"line":13}},"branchMap":{},"s":{"0":0,"1":0,"2":0},"f":{"0":0,"1":0},"b":{}}
,"/home/rehanul.haque@tekmindz.com/React_Project/TVS_Motor/src/services/AuthService.js": {"path":"/home/rehanul.haque@tekmindz.com/React_Project/TVS_Motor/src/services/AuthService.js","statementMap":{"0":{"start":{"line":3,"column":20},"end":{"line":33,"column":1}},"1":{"start":{"line":5,"column":4},"end":{"line":16,"column":5}},"2":{"start":{"line":6,"column":23},"end":{"line":6,"column":75}},"3":{"start":{"line":9,"column":6},"end":{"line":9,"column":61}},"4":{"start":{"line":12,"column":6},"end":{"line":12,"column":32}},"5":{"start":{"line":14,"column":6},"end":{"line":14,"column":50}},"6":{"start":{"line":15,"column":6},"end":{"line":15,"column":62}},"7":{"start":{"line":21,"column":4},"end":{"line":21,"column":41}},"8":{"start":{"line":25,"column":4},"end":{"line":31,"column":5}},"9":{"start":{"line":26,"column":23},"end":{"line":26,"column":58}},"10":{"start":{"line":27,"column":6},"end":{"line":27,"column":27}},"11":{"start":{"line":29,"column":6},"end":{"line":29,"column":59}},"12":{"start":{"line":30,"column":6},"end":{"line":30,"column":75}}},"fnMap":{"0":{"name":"(anonymous_0)","decl":{"start":{"line":4,"column":9},"end":{"line":4,"column":10}},"loc":{"start":{"line":4,"column":32},"end":{"line":17,"column":3}},"line":4},"1":{"name":"(anonymous_1)","decl":{"start":{"line":19,"column":10},"end":{"line":19,"column":11}},"loc":{"start":{"line":19,"column":16},"end":{"line":22,"column":3}},"line":19},"2":{"name":"(anonymous_2)","decl":{"start":{"line":24,"column":18},"end":{"line":24,"column":19}},"loc":{"start":{"line":24,"column":30},"end":{"line":32,"column":3}},"line":24}},"branchMap":{"0":{"loc":{"start":{"line":15,"column":12},"end":{"line":15,"column":61}},"type":"binary-expr","locations":[{"start":{"line":15,"column":12},"end":{"line":15,"column":32}},{"start":{"line":15,"column":36},"end":{"line":15,"column":61}}],"line":15},"1":{"loc":{"start":{"line":30,"column":12},"end":{"line":30,"column":74}},"type":"binary-expr","locations":[{"start":{"line":30,"column":12},"end":{"line":30,"column":32}},{"start":{"line":30,"column":36},"end":{"line":30,"column":74}}],"line":30}},"s":{"0":0,"1":0,"2":0,"3":0,"4":0,"5":0,"6":0,"7":0,"8":0,"9":0,"10":0,"11":0,"12":0},"f":{"0":0,"1":0,"2":0},"b":{"0":[0,0],"1":[0,0]}}
,"/home/rehanul.haque@tekmindz.com/React_Project/TVS_Motor/src/services/axiosInstance.js": {"path":"/home/rehanul.haque@tekmindz.com/React_Project/TVS_Motor/src/services/axiosInstance.js","statementMap":{"0":{"start":{"line":3,"column":16},"end":{"line":3,"column":41}},"1":{"start":{"line":6,"column":22},"end":{"line":11,"column":2}},"2":{"start":{"line":14,"column":0},"end":{"line":26,"column":2}},"3":{"start":{"line":17,"column":18},"end":{"line":17,"column":51}},"4":{"start":{"line":18,"column":4},"end":{"line":20,"column":5}},"5":{"start":{"line":19,"column":6},"end":{"line":19,"column":55}},"6":{"start":{"line":21,"column":4},"end":{"line":21,"column":18}},"7":{"start":{"line":24,"column":4},"end":{"line":24,"column":33}}},"fnMap":{"0":{"name":"(anonymous_0)","decl":{"start":{"line":15,"column":2},"end":{"line":15,"column":3}},"loc":{"start":{"line":15,"column":14},"end":{"line":22,"column":3}},"line":15},"1":{"name":"(anonymous_1)","decl":{"start":{"line":23,"column":2},"end":{"line":23,"column":3}},"loc":{"start":{"line":23,"column":13},"end":{"line":25,"column":3}},"line":23}},"branchMap":{"0":{"loc":{"start":{"line":18,"column":4},"end":{"line":20,"column":5}},"type":"if","locations":[{"start":{"line":18,"column":4},"end":{"line":20,"column":5}},{"start":{},"end":{}}],"line":18}},"s":{"0":0,"1":0,"2":0,"3":0,"4":0,"5":0,"6":0,"7":0},"f":{"0":0,"1":0},"b":{"0":[0,0]}}
}
